App is running port 6600...
server start....
node:fs:585
  handleErrorFromBinding(ctx);
  ^

Error: ENOENT: no such file or directory, open '/data/62f329e48b88c5a8dd0108d3.xlxs'
    at Object.openSync (node:fs:585:3)
    at Object.readFileSync (node:fs:453:35)
    at read_binary (/workspace/blackhat/node_modules/xlsx/xlsx.js:3153:44)
    at readSync (/workspace/blackhat/node_modules/xlsx/xlsx.js:23698:69)
    at Object.readFileSync (/workspace/blackhat/node_modules/xlsx/xlsx.js:23738:9)
    at /workspace/blackhat/routes/contact.js:68:27
    at Layer.handle [as handle_request] (/workspace/blackhat/node_modules/express/lib/router/layer.js:95:5)
    at next (/workspace/blackhat/node_modules/express/lib/router/route.js:144:13)
    at Route.dispatch (/workspace/blackhat/node_modules/express/lib/router/route.js:114:3)
    at Layer.handle [as handle_request] (/workspace/blackhat/node_modules/express/lib/router/layer.js:95:5) {
  errno: -2,
  syscall: 'open',
  code: 'ENOENT',
  path: '/data/62f329e48b88c5a8dd0108d3.xlxs'
}
App is running port 6600...
server start....
::ffff:172.17.0.1 - - [12/Aug/2022:11:54:55 +0000] "GET /api/post/overall HTTP/1.1" 200 9314
12-8-2022 5-04 PM.zip
data
goorm.manifest
index.js
middleware
models
node_modules
nohup.out
package-lock.json
package.json
routes
upload
App is running port 6600...
server start....
App is running port 6600...
server start....

Usage:
 kill [options] <pid> [...]

Options:
 <pid> [...]            send signal to every <pid> listed
 -<signal>, -s, --signal <signal>
                        specify the <signal> to be sent
 -l, --list=[<signal>]  list all signal names, or convert one to a name
 -L, --table            list all signal names in a nice table

 -h, --help     display this help and exit
 -V, --version  output version information and exit

For more details see kill(1).
